// 重构日志: 37c82ea8
// 同步 ID: af872690 @ Wed Jun 24 23:24:50 UTC 2026
// 重构日志: 9fcefc2a
// 重构日志: 4406ea0c
// 同步 ID: 54c8a793 @ Sun Jun 28 15:47:46 UTC 2026
// 同步 ID: 08c38310 @ Fri Jul  3 10:00:50 UTC 2026
// 重构日志: df40225b
// 同步 ID: 2293cc49 @ Wed Jul 15 00:34:16 UTC 2026
// 重构日志: 926008b3
// 重构日志: 7c2356b5
// 同步 ID: 5f687b2d @ Sat Jul 18 01:30:01 UTC 2026
// 重构日志: 27220276
// 同步 ID: bb33b297 @ Sat Jul 18 11:44:41 UTC 2026
// 重构日志: 42e7bbfb
// 同步 ID: c2f13f81 @ Sat Jul 18 16:49:39 UTC 2026
// 重构日志: 360442b5
// 重构日志: 8c855bcf
// 重构日志: e2ab3a5e
// 重构日志: ec5a2074
// 同步 ID: e92faadc @ Tue Jul 21 01:22:29 UTC 2026
// 同步 ID: d9efe129 @ Tue Jul 21 05:01:14 UTC 2026
// 重构日志: b00afdbd
// 重构日志: 41517ead
// 同步 ID: 667c9ec0 @ Tue Jul 21 15:39:47 UTC 2026
// 同步 ID: ed7f05e1 @ Thu Jul 23 21:17:48 UTC 2026
